2019-04-22 16:35:12,102 INFO  [Log] **************************************************************************************** 
2019-04-22 16:35:12,102 INFO  [Log] **************************************************************************************** 
2019-04-22 16:35:12,102 INFO  [Log] $$$$$$$$$$$$$$$$$$$$$                 SEARCH_NAME_TC       $$$$$$$$$$$$$$$$$$$$$$$$$ 
2019-04-22 16:35:12,102 INFO  [Log] **************************************************************************************** 
2019-04-22 16:35:12,102 INFO  [Log] **************************************************************************************** 
2019-04-22 16:38:26,197 INFO  [Log] **************************************************************************************** 
2019-04-22 16:38:26,197 INFO  [Log] **************************************************************************************** 
2019-04-22 16:38:26,197 INFO  [Log] $$$$$$$$$$$$$$$$$$$$$                 SEARCH_NAME_TC       $$$$$$$$$$$$$$$$$$$$$$$$$ 
2019-04-22 16:38:26,197 INFO  [Log] **************************************************************************************** 
2019-04-22 16:38:26,197 INFO  [Log] **************************************************************************************** 
2019-04-22 16:39:12,652 INFO  [Log] **************************************************************************************** 
2019-04-22 16:39:12,652 INFO  [Log] **************************************************************************************** 
2019-04-22 16:39:12,652 INFO  [Log] $$$$$$$$$$$$$$$$$$$$$                 SEARCH_NAME_TC       $$$$$$$$$$$$$$$$$$$$$$$$$ 
2019-04-22 16:39:12,653 INFO  [Log] **************************************************************************************** 
2019-04-22 16:39:12,653 INFO  [Log] **************************************************************************************** 
2019-04-22 16:40:07,208 INFO  [Log] **************************************************************************************** 
2019-04-22 16:40:07,208 INFO  [Log] **************************************************************************************** 
2019-04-22 16:40:07,208 INFO  [Log] $$$$$$$$$$$$$$$$$$$$$                 SEARCH_NAME_TC       $$$$$$$$$$$$$$$$$$$$$$$$$ 
2019-04-22 16:40:07,208 INFO  [Log] **************************************************************************************** 
2019-04-22 16:40:07,209 INFO  [Log] **************************************************************************************** 
2019-04-22 16:42:45,252 INFO  [Log] **************************************************************************************** 
2019-04-22 16:42:45,253 INFO  [Log] **************************************************************************************** 
2019-04-22 16:42:45,253 INFO  [Log] $$$$$$$$$$$$$$$$$$$$$                 SEARCH_NAME_TC       $$$$$$$$$$$$$$$$$$$$$$$$$ 
2019-04-22 16:42:45,253 INFO  [Log] **************************************************************************************** 
2019-04-22 16:42:45,253 INFO  [Log] **************************************************************************************** 
2019-04-22 16:49:12,070 INFO  [Log] **************************************************************************************** 
2019-04-22 16:49:12,071 INFO  [Log] **************************************************************************************** 
2019-04-22 16:49:12,071 INFO  [Log] $$$$$$$$$$$$$$$$$$$$$                 SEARCH_NAME_TC       $$$$$$$$$$$$$$$$$$$$$$$$$ 
2019-04-22 16:49:12,071 INFO  [Log] **************************************************************************************** 
2019-04-22 16:49:12,071 INFO  [Log] **************************************************************************************** 
2019-04-22 16:53:36,237 INFO  [Log] **************************************************************************************** 
2019-04-22 16:53:36,238 INFO  [Log] **************************************************************************************** 
2019-04-22 16:53:36,238 INFO  [Log] $$$$$$$$$$$$$$$$$$$$$                 SEARCH_NAME_TC       $$$$$$$$$$$$$$$$$$$$$$$$$ 
2019-04-22 16:53:36,238 INFO  [Log] **************************************************************************************** 
2019-04-22 16:53:36,238 INFO  [Log] **************************************************************************************** 
2019-04-22 16:53:36,328 INFO  [Log] XXXXXXXXXXXXXXXXXXXXXXX             -E---N---D-             XXXXXXXXXXXXXXXXXXXXXX 
2019-04-22 16:53:36,328 INFO  [Log] X 
2019-04-22 16:53:36,328 INFO  [Log] X 
2019-04-22 16:53:36,328 INFO  [Log] X 
2019-04-22 16:53:36,328 INFO  [Log] X 
2019-04-22 17:52:22,185 INFO  [Log] **************************************************************************************** 
2019-04-22 17:52:22,185 INFO  [Log] **************************************************************************************** 
2019-04-22 17:52:22,185 INFO  [Log] $$$$$$$$$$$$$$$$$$$$$                 SEARCH_NAME_TC       $$$$$$$$$$$$$$$$$$$$$$$$$ 
2019-04-22 17:52:22,185 INFO  [Log] **************************************************************************************** 
2019-04-22 17:52:22,185 INFO  [Log] **************************************************************************************** 
2019-04-22 17:52:22,275 INFO  [Log] XXXXXXXXXXXXXXXXXXXXXXX             -E---N---D-             XXXXXXXXXXXXXXXXXXXXXX 
2019-04-22 17:52:22,275 INFO  [Log] X 
2019-04-22 17:52:22,275 INFO  [Log] X 
2019-04-22 17:52:22,275 INFO  [Log] X 
2019-04-22 17:52:22,275 INFO  [Log] X 
2019-04-22 17:53:40,663 INFO  [Log] **************************************************************************************** 
2019-04-22 17:53:40,663 INFO  [Log] **************************************************************************************** 
2019-04-22 17:53:40,663 INFO  [Log] $$$$$$$$$$$$$$$$$$$$$                 SEARCH_NAME_TC       $$$$$$$$$$$$$$$$$$$$$$$$$ 
2019-04-22 17:53:40,663 INFO  [Log] **************************************************************************************** 
2019-04-22 17:53:40,663 INFO  [Log] **************************************************************************************** 
2019-04-22 17:53:40,763 INFO  [Log] XXXXXXXXXXXXXXXXXXXXXXX             -E---N---D-             XXXXXXXXXXXXXXXXXXXXXX 
2019-04-22 17:53:40,763 INFO  [Log] X 
2019-04-22 17:53:40,763 INFO  [Log] X 
2019-04-22 17:53:40,763 INFO  [Log] X 
2019-04-22 17:53:40,763 INFO  [Log] X 
2019-04-22 17:54:45,517 INFO  [Log] **************************************************************************************** 
2019-04-22 17:54:45,517 INFO  [Log] **************************************************************************************** 
2019-04-22 17:54:45,517 INFO  [Log] $$$$$$$$$$$$$$$$$$$$$                 SEARCH_NAME_TC       $$$$$$$$$$$$$$$$$$$$$$$$$ 
2019-04-22 17:54:45,517 INFO  [Log] **************************************************************************************** 
2019-04-22 17:54:45,517 INFO  [Log] **************************************************************************************** 
2019-04-22 17:54:45,621 INFO  [Log] XXXXXXXXXXXXXXXXXXXXXXX             -E---N---D-             XXXXXXXXXXXXXXXXXXXXXX 
2019-04-22 17:54:45,621 INFO  [Log] X 
2019-04-22 17:54:45,621 INFO  [Log] X 
2019-04-22 17:54:45,621 INFO  [Log] X 
2019-04-22 17:54:45,621 INFO  [Log] X 
2019-04-22 17:56:29,693 INFO  [Log] **************************************************************************************** 
2019-04-22 17:56:29,693 INFO  [Log] **************************************************************************************** 
2019-04-22 17:56:29,694 INFO  [Log] $$$$$$$$$$$$$$$$$$$$$                 SEARCH_NAME_TC       $$$$$$$$$$$$$$$$$$$$$$$$$ 
2019-04-22 17:56:29,694 INFO  [Log] **************************************************************************************** 
2019-04-22 17:56:29,694 INFO  [Log] **************************************************************************************** 
2019-04-22 17:56:29,794 INFO  [Log] XXXXXXXXXXXXXXXXXXXXXXX             -E---N---D-             XXXXXXXXXXXXXXXXXXXXXX 
2019-04-22 17:56:29,794 INFO  [Log] X 
2019-04-22 17:56:29,794 INFO  [Log] X 
2019-04-22 17:56:29,794 INFO  [Log] X 
2019-04-22 17:56:29,794 INFO  [Log] X 
2019-04-22 18:00:31,078 INFO  [Log] **************************************************************************************** 
2019-04-22 18:00:31,079 INFO  [Log] **************************************************************************************** 
2019-04-22 18:00:31,079 INFO  [Log] $$$$$$$$$$$$$$$$$$$$$                 SEARCH_NAME_TC       $$$$$$$$$$$$$$$$$$$$$$$$$ 
2019-04-22 18:00:31,079 INFO  [Log] **************************************************************************************** 
2019-04-22 18:00:31,079 INFO  [Log] **************************************************************************************** 
2019-04-22 18:00:31,188 INFO  [Log] XXXXXXXXXXXXXXXXXXXXXXX             -E---N---D-             XXXXXXXXXXXXXXXXXXXXXX 
2019-04-22 18:00:31,188 INFO  [Log] X 
2019-04-22 18:00:31,188 INFO  [Log] X 
2019-04-22 18:00:31,188 INFO  [Log] X 
2019-04-22 18:00:31,188 INFO  [Log] X 
2019-04-22 18:01:26,157 INFO  [Log] **************************************************************************************** 
2019-04-22 18:01:26,157 INFO  [Log] **************************************************************************************** 
2019-04-22 18:01:26,157 INFO  [Log] $$$$$$$$$$$$$$$$$$$$$                 SEARCH_NAME_TC       $$$$$$$$$$$$$$$$$$$$$$$$$ 
2019-04-22 18:01:26,157 INFO  [Log] **************************************************************************************** 
2019-04-22 18:01:26,157 INFO  [Log] **************************************************************************************** 
2019-04-22 18:01:26,258 INFO  [Log] XXXXXXXXXXXXXXXXXXXXXXX             -E---N---D-             XXXXXXXXXXXXXXXXXXXXXX 
2019-04-22 18:01:26,258 INFO  [Log] X 
2019-04-22 18:01:26,258 INFO  [Log] X 
2019-04-22 18:01:26,258 INFO  [Log] X 
2019-04-22 18:01:26,258 INFO  [Log] X 
2019-04-22 18:01:57,190 INFO  [Log] **************************************************************************************** 
2019-04-22 18:01:57,190 INFO  [Log] **************************************************************************************** 
2019-04-22 18:01:57,190 INFO  [Log] $$$$$$$$$$$$$$$$$$$$$                 SEARCH_NAME_TC       $$$$$$$$$$$$$$$$$$$$$$$$$ 
2019-04-22 18:01:57,190 INFO  [Log] **************************************************************************************** 
2019-04-22 18:01:57,190 INFO  [Log] **************************************************************************************** 
2019-04-22 18:01:57,311 INFO  [Log] XXXXXXXXXXXXXXXXXXXXXXX             -E---N---D-             XXXXXXXXXXXXXXXXXXXXXX 
2019-04-22 18:01:57,311 INFO  [Log] X 
2019-04-22 18:01:57,311 INFO  [Log] X 
2019-04-22 18:01:57,311 INFO  [Log] X 
2019-04-22 18:01:57,311 INFO  [Log] X 
2019-04-22 18:01:58,277 ERROR [Log] Class Utils | Method takeScreenshot | Exception occured while capturing ScreenShot : Destination '/Users/gauravchandwani/eclipse-workspace/SeleniumFramework/Screenshots' directory cannot be created 
2019-04-22 18:04:09,045 INFO  [Log] **************************************************************************************** 
2019-04-22 18:04:09,046 INFO  [Log] **************************************************************************************** 
2019-04-22 18:04:09,046 INFO  [Log] $$$$$$$$$$$$$$$$$$$$$                 SEARCH_NAME_TC       $$$$$$$$$$$$$$$$$$$$$$$$$ 
2019-04-22 18:04:09,046 INFO  [Log] **************************************************************************************** 
2019-04-22 18:04:09,046 INFO  [Log] **************************************************************************************** 
2019-04-22 18:04:09,215 INFO  [Log] XXXXXXXXXXXXXXXXXXXXXXX             -E---N---D-             XXXXXXXXXXXXXXXXXXXXXX 
2019-04-22 18:04:09,215 INFO  [Log] X 
2019-04-22 18:04:09,215 INFO  [Log] X 
2019-04-22 18:04:09,215 INFO  [Log] X 
2019-04-22 18:04:09,215 INFO  [Log] X 
2019-04-22 18:04:10,062 ERROR [Log] Class Utils | Method takeScreenshot | Exception occured while capturing ScreenShot : Destination '/Users/gauravchandwani/eclipse-workspace/SeleniumFramework/Screenshots' directory cannot be created 
2019-04-22 18:04:57,649 INFO  [Log] **************************************************************************************** 
2019-04-22 18:04:57,650 INFO  [Log] **************************************************************************************** 
2019-04-22 18:04:57,650 INFO  [Log] $$$$$$$$$$$$$$$$$$$$$                 SEARCH_NAME_TC       $$$$$$$$$$$$$$$$$$$$$$$$$ 
2019-04-22 18:04:57,650 INFO  [Log] **************************************************************************************** 
2019-04-22 18:04:57,650 INFO  [Log] **************************************************************************************** 
2019-04-22 18:04:57,757 INFO  [Log] XXXXXXXXXXXXXXXXXXXXXXX             -E---N---D-             XXXXXXXXXXXXXXXXXXXXXX 
2019-04-22 18:04:57,757 INFO  [Log] X 
2019-04-22 18:04:57,757 INFO  [Log] X 
2019-04-22 18:04:57,757 INFO  [Log] X 
2019-04-22 18:04:57,757 INFO  [Log] X 
2019-04-22 18:06:07,059 INFO  [Log] **************************************************************************************** 
2019-04-22 18:06:07,060 INFO  [Log] **************************************************************************************** 
2019-04-22 18:06:07,060 INFO  [Log] $$$$$$$$$$$$$$$$$$$$$                 SEARCH_NAME_TC       $$$$$$$$$$$$$$$$$$$$$$$$$ 
2019-04-22 18:06:07,060 INFO  [Log] **************************************************************************************** 
2019-04-22 18:06:07,060 INFO  [Log] **************************************************************************************** 
2019-04-22 18:06:07,227 INFO  [Log] XXXXXXXXXXXXXXXXXXXXXXX             -E---N---D-             XXXXXXXXXXXXXXXXXXXXXX 
2019-04-22 18:06:07,227 INFO  [Log] X 
2019-04-22 18:06:07,227 INFO  [Log] X 
2019-04-22 18:06:07,227 INFO  [Log] X 
2019-04-22 18:06:07,228 INFO  [Log] X 
2019-04-22 18:06:08,157 ERROR [Log] Class Utils | Method takeScreenshot | Exception occured while capturing ScreenShot : Destination '/Users/gauravchandwani/eclipse-workspace/SeleniumFramework/Screenshots' directory cannot be created 
2019-04-22 18:06:44,640 INFO  [Log] **************************************************************************************** 
2019-04-22 18:06:44,640 INFO  [Log] **************************************************************************************** 
2019-04-22 18:06:44,640 INFO  [Log] $$$$$$$$$$$$$$$$$$$$$                 SEARCH_NAME_TC       $$$$$$$$$$$$$$$$$$$$$$$$$ 
2019-04-22 18:06:44,640 INFO  [Log] **************************************************************************************** 
2019-04-22 18:06:44,640 INFO  [Log] **************************************************************************************** 
2019-04-22 18:06:44,741 INFO  [Log] XXXXXXXXXXXXXXXXXXXXXXX             -E---N---D-             XXXXXXXXXXXXXXXXXXXXXX 
2019-04-22 18:06:44,741 INFO  [Log] X 
2019-04-22 18:06:44,742 INFO  [Log] X 
2019-04-22 18:06:44,742 INFO  [Log] X 
2019-04-22 18:06:44,742 INFO  [Log] X 
2019-04-22 18:08:16,097 INFO  [Log] **************************************************************************************** 
2019-04-22 18:08:16,097 INFO  [Log] **************************************************************************************** 
2019-04-22 18:08:16,098 INFO  [Log] $$$$$$$$$$$$$$$$$$$$$                 SEARCH_NAME_TC       $$$$$$$$$$$$$$$$$$$$$$$$$ 
2019-04-22 18:08:16,098 INFO  [Log] **************************************************************************************** 
2019-04-22 18:08:16,098 INFO  [Log] **************************************************************************************** 
2019-04-22 18:08:16,213 INFO  [Log] XXXXXXXXXXXXXXXXXXXXXXX             -E---N---D-             XXXXXXXXXXXXXXXXXXXXXX 
2019-04-22 18:08:16,213 INFO  [Log] X 
2019-04-22 18:08:16,213 INFO  [Log] X 
2019-04-22 18:08:16,213 INFO  [Log] X 
2019-04-22 18:08:16,213 INFO  [Log] X 
2019-04-22 18:08:16,864 ERROR [Log] Class Utils | Method takeScreenshot | Exception occured while capturing ScreenShot : Destination '/Users/gauravchandwani/eclipse-workspace/SeleniumFramework/Screenshots' directory cannot be created 
2019-04-22 18:29:25,443 INFO  [Log] **************************************************************************************** 
2019-04-22 18:29:25,444 INFO  [Log] **************************************************************************************** 
2019-04-22 18:29:25,444 INFO  [Log] $$$$$$$$$$$$$$$$$$$$$                 SEARCH_NAME_TC       $$$$$$$$$$$$$$$$$$$$$$$$$ 
2019-04-22 18:29:25,444 INFO  [Log] **************************************************************************************** 
2019-04-22 18:29:25,445 INFO  [Log] **************************************************************************************** 
2019-04-22 18:29:25,724 INFO  [Log] XXXXXXXXXXXXXXXXXXXXXXX             -E---N---D-             XXXXXXXXXXXXXXXXXXXXXX 
2019-04-22 18:29:25,724 INFO  [Log] X 
2019-04-22 18:29:25,724 INFO  [Log] X 
2019-04-22 18:29:25,724 INFO  [Log] X 
2019-04-22 18:29:25,724 INFO  [Log] X 
2019-04-22 18:32:33,060 INFO  [Log] **************************************************************************************** 
2019-04-22 18:32:33,060 INFO  [Log] **************************************************************************************** 
2019-04-22 18:32:33,061 INFO  [Log] $$$$$$$$$$$$$$$$$$$$$                 SEARCH_NAME_TC       $$$$$$$$$$$$$$$$$$$$$$$$$ 
2019-04-22 18:32:33,061 INFO  [Log] **************************************************************************************** 
2019-04-22 18:32:33,061 INFO  [Log] **************************************************************************************** 
2019-04-22 18:32:33,174 INFO  [Log] XXXXXXXXXXXXXXXXXXXXXXX             -E---N---D-             XXXXXXXXXXXXXXXXXXXXXX 
2019-04-22 18:32:33,174 INFO  [Log] X 
2019-04-22 18:32:33,174 INFO  [Log] X 
2019-04-22 18:32:33,174 INFO  [Log] X 
2019-04-22 18:32:33,174 INFO  [Log] X 
2019-04-22 18:34:28,373 INFO  [Log] **************************************************************************************** 
2019-04-22 18:34:28,373 INFO  [Log] **************************************************************************************** 
2019-04-22 18:34:28,373 INFO  [Log] $$$$$$$$$$$$$$$$$$$$$                 SEARCH_NAME_TC       $$$$$$$$$$$$$$$$$$$$$$$$$ 
2019-04-22 18:34:28,373 INFO  [Log] **************************************************************************************** 
2019-04-22 18:34:28,374 INFO  [Log] **************************************************************************************** 
2019-04-22 18:34:28,477 INFO  [Log] XXXXXXXXXXXXXXXXXXXXXXX             -E---N---D-             XXXXXXXXXXXXXXXXXXXXXX 
2019-04-22 18:34:28,478 INFO  [Log] X 
2019-04-22 18:34:28,478 INFO  [Log] X 
2019-04-22 18:34:28,478 INFO  [Log] X 
2019-04-22 18:34:28,478 INFO  [Log] X 
2019-04-23 14:14:18,110 INFO  [Log] **************************************************************************************** 
2019-04-23 14:14:18,111 INFO  [Log] **************************************************************************************** 
2019-04-23 14:14:18,111 INFO  [Log] $$$$$$$$$$$$$$$$$$$$$                 SEARCH_NAME_TC       $$$$$$$$$$$$$$$$$$$$$$$$$ 
2019-04-23 14:14:18,111 INFO  [Log] **************************************************************************************** 
2019-04-23 14:14:18,111 INFO  [Log] **************************************************************************************** 
2019-04-23 14:14:18,262 INFO  [Log] XXXXXXXXXXXXXXXXXXXXXXX             -E---N---D-             XXXXXXXXXXXXXXXXXXXXXX 
2019-04-23 14:14:18,262 INFO  [Log] X 
2019-04-23 14:14:18,262 INFO  [Log] X 
2019-04-23 14:14:18,262 INFO  [Log] X 
2019-04-23 14:14:18,262 INFO  [Log] X 
2019-04-23 14:14:50,475 INFO  [Log] **************************************************************************************** 
2019-04-23 14:14:50,475 INFO  [Log] **************************************************************************************** 
2019-04-23 14:14:50,475 INFO  [Log] $$$$$$$$$$$$$$$$$$$$$                 SEARCH_NAME_TC       $$$$$$$$$$$$$$$$$$$$$$$$$ 
2019-04-23 14:14:50,475 INFO  [Log] **************************************************************************************** 
2019-04-23 14:14:50,475 INFO  [Log] **************************************************************************************** 
2019-04-23 14:14:50,589 INFO  [Log] XXXXXXXXXXXXXXXXXXXXXXX             -E---N---D-             XXXXXXXXXXXXXXXXXXXXXX 
2019-04-23 14:14:50,589 INFO  [Log] X 
2019-04-23 14:14:50,589 INFO  [Log] X 
2019-04-23 14:14:50,589 INFO  [Log] X 
2019-04-23 14:14:50,589 INFO  [Log] X 
2019-04-23 14:16:45,649 INFO  [Log] **************************************************************************************** 
2019-04-23 14:16:45,650 INFO  [Log] **************************************************************************************** 
2019-04-23 14:16:45,650 INFO  [Log] $$$$$$$$$$$$$$$$$$$$$                 SEARCH_NAME_TC       $$$$$$$$$$$$$$$$$$$$$$$$$ 
2019-04-23 14:16:45,650 INFO  [Log] **************************************************************************************** 
2019-04-23 14:16:45,650 INFO  [Log] **************************************************************************************** 
2019-04-23 14:16:45,750 INFO  [Log] XXXXXXXXXXXXXXXXXXXXXXX             -E---N---D-             XXXXXXXXXXXXXXXXXXXXXX 
2019-04-23 14:16:45,750 INFO  [Log] X 
2019-04-23 14:16:45,750 INFO  [Log] X 
2019-04-23 14:16:45,750 INFO  [Log] X 
2019-04-23 14:16:45,750 INFO  [Log] X 
2019-04-23 14:19:38,661 INFO  [Log] **************************************************************************************** 
2019-04-23 14:19:38,662 INFO  [Log] **************************************************************************************** 
2019-04-23 14:19:38,662 INFO  [Log] $$$$$$$$$$$$$$$$$$$$$                 SEARCH_NAME_TC       $$$$$$$$$$$$$$$$$$$$$$$$$ 
2019-04-23 14:19:38,662 INFO  [Log] **************************************************************************************** 
2019-04-23 14:19:38,662 INFO  [Log] **************************************************************************************** 
2019-04-23 14:19:38,764 INFO  [Log] XXXXXXXXXXXXXXXXXXXXXXX             -E---N---D-             XXXXXXXXXXXXXXXXXXXXXX 
2019-04-23 14:19:38,764 INFO  [Log] X 
2019-04-23 14:19:38,764 INFO  [Log] X 
2019-04-23 14:19:38,764 INFO  [Log] X 
2019-04-23 14:19:38,764 INFO  [Log] X 
2019-04-23 14:24:50,750 INFO  [Log] **************************************************************************************** 
2019-04-23 14:24:50,750 INFO  [Log] **************************************************************************************** 
2019-04-23 14:24:50,750 INFO  [Log] $$$$$$$$$$$$$$$$$$$$$                 SEARCH_NAME_2_TC       $$$$$$$$$$$$$$$$$$$$$$$$$ 
2019-04-23 14:24:50,750 INFO  [Log] **************************************************************************************** 
2019-04-23 14:24:50,750 INFO  [Log] **************************************************************************************** 
2019-04-23 14:24:50,903 INFO  [Log] XXXXXXXXXXXXXXXXXXXXXXX             -E---N---D-             XXXXXXXXXXXXXXXXXXXXXX 
2019-04-23 14:24:50,903 INFO  [Log] X 
2019-04-23 14:24:50,903 INFO  [Log] X 
2019-04-23 14:24:50,903 INFO  [Log] X 
2019-04-23 14:24:50,903 INFO  [Log] X 
2019-04-23 14:24:51,217 INFO  [Log] **************************************************************************************** 
2019-04-23 14:24:51,218 INFO  [Log] **************************************************************************************** 
2019-04-23 14:24:51,218 INFO  [Log] $$$$$$$$$$$$$$$$$$$$$                 SEARCH_NAME_TC       $$$$$$$$$$$$$$$$$$$$$$$$$ 
2019-04-23 14:24:51,218 INFO  [Log] **************************************************************************************** 
2019-04-23 14:24:51,218 INFO  [Log] **************************************************************************************** 
2019-04-23 14:24:51,239 INFO  [Log] XXXXXXXXXXXXXXXXXXXXXXX             -E---N---D-             XXXXXXXXXXXXXXXXXXXXXX 
2019-04-23 14:24:51,239 INFO  [Log] X 
2019-04-23 14:24:51,239 INFO  [Log] X 
2019-04-23 14:24:51,239 INFO  [Log] X 
2019-04-23 14:24:51,239 INFO  [Log] X 
2019-04-23 14:24:52,256 INFO  [Log] **************************************************************************************** 
2019-04-23 14:24:52,257 INFO  [Log] **************************************************************************************** 
2019-04-23 14:24:52,257 INFO  [Log] $$$$$$$$$$$$$$$$$$$$$                 SEARCH_NAME_2_TC       $$$$$$$$$$$$$$$$$$$$$$$$$ 
2019-04-23 14:24:52,257 INFO  [Log] **************************************************************************************** 
2019-04-23 14:24:52,257 INFO  [Log] **************************************************************************************** 
2019-04-23 14:24:52,604 INFO  [Log] XXXXXXXXXXXXXXXXXXXXXXX             -E---N---D-             XXXXXXXXXXXXXXXXXXXXXX 
2019-04-23 14:24:52,605 INFO  [Log] X 
2019-04-23 14:24:52,605 INFO  [Log] X 
2019-04-23 14:24:52,605 INFO  [Log] X 
2019-04-23 14:24:52,605 INFO  [Log] X 
2019-04-23 14:24:53,101 INFO  [Log] **************************************************************************************** 
2019-04-23 14:24:53,101 INFO  [Log] **************************************************************************************** 
2019-04-23 14:24:53,101 INFO  [Log] $$$$$$$$$$$$$$$$$$$$$                 SEARCH_NAME_TC       $$$$$$$$$$$$$$$$$$$$$$$$$ 
2019-04-23 14:24:53,101 INFO  [Log] **************************************************************************************** 
2019-04-23 14:24:53,102 INFO  [Log] **************************************************************************************** 
2019-04-23 14:24:53,126 INFO  [Log] XXXXXXXXXXXXXXXXXXXXXXX             -E---N---D-             XXXXXXXXXXXXXXXXXXXXXX 
2019-04-23 14:24:53,127 INFO  [Log] X 
2019-04-23 14:24:53,127 INFO  [Log] X 
2019-04-23 14:24:53,127 INFO  [Log] X 
2019-04-23 14:24:53,127 INFO  [Log] X 
2019-04-23 14:39:55,004 INFO  [Log] **************************************************************************************** 
2019-04-23 14:39:55,005 INFO  [Log] **************************************************************************************** 
2019-04-23 14:39:55,005 INFO  [Log] $$$$$$$$$$$$$$$$$$$$$                 SEARCH_NAME_2_TC       $$$$$$$$$$$$$$$$$$$$$$$$$ 
2019-04-23 14:39:55,005 INFO  [Log] **************************************************************************************** 
2019-04-23 14:39:55,005 INFO  [Log] **************************************************************************************** 
2019-04-23 14:39:55,107 INFO  [Log] XXXXXXXXXXXXXXXXXXXXXXX             -E---N---D-             XXXXXXXXXXXXXXXXXXXXXX 
2019-04-23 14:39:55,107 INFO  [Log] X 
2019-04-23 14:39:55,107 INFO  [Log] X 
2019-04-23 14:39:55,107 INFO  [Log] X 
2019-04-23 14:39:55,107 INFO  [Log] X 
2019-04-23 14:39:55,372 INFO  [Log] **************************************************************************************** 
2019-04-23 14:39:55,372 INFO  [Log] **************************************************************************************** 
2019-04-23 14:39:55,372 INFO  [Log] $$$$$$$$$$$$$$$$$$$$$                 SEARCH_NAME_TC       $$$$$$$$$$$$$$$$$$$$$$$$$ 
2019-04-23 14:39:55,372 INFO  [Log] **************************************************************************************** 
2019-04-23 14:39:55,372 INFO  [Log] **************************************************************************************** 
2019-04-23 14:39:55,395 INFO  [Log] XXXXXXXXXXXXXXXXXXXXXXX             -E---N---D-             XXXXXXXXXXXXXXXXXXXXXX 
2019-04-23 14:39:55,395 INFO  [Log] X 
2019-04-23 14:39:55,396 INFO  [Log] X 
2019-04-23 14:39:55,396 INFO  [Log] X 
2019-04-23 14:39:55,396 INFO  [Log] X 
2019-04-23 14:41:29,715 INFO  [Log] **************************************************************************************** 
2019-04-23 14:41:29,716 INFO  [Log] **************************************************************************************** 
2019-04-23 14:41:29,716 INFO  [Log] $$$$$$$$$$$$$$$$$$$$$                 SEARCH_NAME_2_TC       $$$$$$$$$$$$$$$$$$$$$$$$$ 
2019-04-23 14:41:29,716 INFO  [Log] **************************************************************************************** 
2019-04-23 14:41:29,716 INFO  [Log] **************************************************************************************** 
2019-04-23 14:41:29,818 INFO  [Log] XXXXXXXXXXXXXXXXXXXXXXX             -E---N---D-             XXXXXXXXXXXXXXXXXXXXXX 
2019-04-23 14:41:29,818 INFO  [Log] X 
2019-04-23 14:41:29,818 INFO  [Log] X 
2019-04-23 14:41:29,818 INFO  [Log] X 
2019-04-23 14:41:29,818 INFO  [Log] X 
2019-04-23 14:41:30,057 INFO  [Log] **************************************************************************************** 
2019-04-23 14:41:30,057 INFO  [Log] **************************************************************************************** 
2019-04-23 14:41:30,057 INFO  [Log] $$$$$$$$$$$$$$$$$$$$$                 SEARCH_NAME_TC       $$$$$$$$$$$$$$$$$$$$$$$$$ 
2019-04-23 14:41:30,057 INFO  [Log] **************************************************************************************** 
2019-04-23 14:41:30,057 INFO  [Log] **************************************************************************************** 
2019-04-23 14:41:30,078 INFO  [Log] XXXXXXXXXXXXXXXXXXXXXXX             -E---N---D-             XXXXXXXXXXXXXXXXXXXXXX 
2019-04-23 14:41:30,078 INFO  [Log] X 
2019-04-23 14:41:30,078 INFO  [Log] X 
2019-04-23 14:41:30,078 INFO  [Log] X 
2019-04-23 14:41:30,078 INFO  [Log] X 
2019-04-23 16:32:28,258 INFO  [Log] **************************************************************************************** 
2019-04-23 16:32:28,258 INFO  [Log] **************************************************************************************** 
2019-04-23 16:32:28,258 INFO  [Log] $$$$$$$$$$$$$$$$$$$$$                 SEARCH_NAME_2_TC       $$$$$$$$$$$$$$$$$$$$$$$$$ 
2019-04-23 16:32:28,258 INFO  [Log] **************************************************************************************** 
2019-04-23 16:32:28,258 INFO  [Log] **************************************************************************************** 
2019-04-23 16:32:28,947 INFO  [Log] **************************************************************************************** 
2019-04-23 16:32:28,951 INFO  [Log] **************************************************************************************** 
2019-04-23 16:32:28,951 INFO  [Log] $$$$$$$$$$$$$$$$$$$$$                 SEARCH_NAME_TC       $$$$$$$$$$$$$$$$$$$$$$$$$ 
2019-04-23 16:32:28,951 INFO  [Log] **************************************************************************************** 
2019-04-23 16:32:28,951 INFO  [Log] **************************************************************************************** 
2019-04-23 16:33:45,101 INFO  [Log] **************************************************************************************** 
2019-04-23 16:33:45,102 INFO  [Log] **************************************************************************************** 
2019-04-23 16:33:45,102 INFO  [Log] $$$$$$$$$$$$$$$$$$$$$                 SEARCH_NAME_2_TC       $$$$$$$$$$$$$$$$$$$$$$$$$ 
2019-04-23 16:33:45,102 INFO  [Log] **************************************************************************************** 
2019-04-23 16:33:45,102 INFO  [Log] **************************************************************************************** 
2019-04-23 16:33:45,202 INFO  [Log] **************************************************************************************** 
2019-04-23 16:33:45,206 INFO  [Log] **************************************************************************************** 
2019-04-23 16:33:45,207 INFO  [Log] $$$$$$$$$$$$$$$$$$$$$                 SEARCH_NAME_TC       $$$$$$$$$$$$$$$$$$$$$$$$$ 
2019-04-23 16:33:45,207 INFO  [Log] **************************************************************************************** 
2019-04-23 16:33:45,207 INFO  [Log] **************************************************************************************** 
2019-04-23 16:35:12,631 INFO  [Log] **************************************************************************************** 
2019-04-23 16:35:12,631 INFO  [Log] **************************************************************************************** 
2019-04-23 16:35:12,631 INFO  [Log] $$$$$$$$$$$$$$$$$$$$$                 SEARCH_NAME_TC       $$$$$$$$$$$$$$$$$$$$$$$$$ 
2019-04-23 16:35:12,631 INFO  [Log] **************************************************************************************** 
2019-04-23 16:35:12,632 INFO  [Log] **************************************************************************************** 
2019-04-23 16:35:13,339 INFO  [Log] **************************************************************************************** 
2019-04-23 16:35:13,339 INFO  [Log] **************************************************************************************** 
2019-04-23 16:35:13,339 INFO  [Log] $$$$$$$$$$$$$$$$$$$$$                 SEARCH_NAME_2_TC       $$$$$$$$$$$$$$$$$$$$$$$$$ 
2019-04-23 16:35:13,339 INFO  [Log] **************************************************************************************** 
2019-04-23 16:35:13,339 INFO  [Log] **************************************************************************************** 
2019-04-23 17:18:43,454 INFO  [Log] **************************************************************************************** 
2019-04-23 17:18:43,454 INFO  [Log] **************************************************************************************** 
2019-04-23 17:18:43,454 INFO  [Log] $$$$$$$$$$$$$$$$$$$$$                 SEARCH_NAME_TC       $$$$$$$$$$$$$$$$$$$$$$$$$ 
2019-04-23 17:18:43,454 INFO  [Log] **************************************************************************************** 
2019-04-23 17:18:43,454 INFO  [Log] **************************************************************************************** 
2019-04-23 17:18:43,569 INFO  [Log] **************************************************************************************** 
2019-04-23 17:18:43,573 INFO  [Log] **************************************************************************************** 
2019-04-23 17:18:43,573 INFO  [Log] $$$$$$$$$$$$$$$$$$$$$                 SEARCH_NAME_2_TC       $$$$$$$$$$$$$$$$$$$$$$$$$ 
2019-04-23 17:18:43,574 INFO  [Log] **************************************************************************************** 
2019-04-23 17:18:43,574 INFO  [Log] **************************************************************************************** 
2019-04-23 17:19:26,159 INFO  [Log] **************************************************************************************** 
2019-04-23 17:19:26,159 INFO  [Log] **************************************************************************************** 
2019-04-23 17:19:26,159 INFO  [Log] $$$$$$$$$$$$$$$$$$$$$                 SEARCH_NAME_TC       $$$$$$$$$$$$$$$$$$$$$$$$$ 
2019-04-23 17:19:26,159 INFO  [Log] **************************************************************************************** 
2019-04-23 17:19:26,159 INFO  [Log] **************************************************************************************** 
2019-04-23 17:19:26,268 INFO  [Log] **************************************************************************************** 
2019-04-23 17:19:26,273 INFO  [Log] **************************************************************************************** 
2019-04-23 17:19:26,273 INFO  [Log] $$$$$$$$$$$$$$$$$$$$$                 SEARCH_NAME_2_TC       $$$$$$$$$$$$$$$$$$$$$$$$$ 
2019-04-23 17:19:26,273 INFO  [Log] **************************************************************************************** 
2019-04-23 17:19:26,273 INFO  [Log] **************************************************************************************** 
2019-04-24 11:48:01,405 INFO  [Log] **************************************************************************************** 
2019-04-24 11:48:01,406 INFO  [Log] **************************************************************************************** 
2019-04-24 11:48:01,406 INFO  [Log] $$$$$$$$$$$$$$$$$$$$$                 SEARCH_NAME_TC       $$$$$$$$$$$$$$$$$$$$$$$$$ 
2019-04-24 11:48:01,406 INFO  [Log] **************************************************************************************** 
2019-04-24 11:48:01,406 INFO  [Log] **************************************************************************************** 
2019-04-24 11:48:01,512 INFO  [Log] **************************************************************************************** 
2019-04-24 11:48:01,514 INFO  [Log] **************************************************************************************** 
2019-04-24 11:48:01,514 INFO  [Log] $$$$$$$$$$$$$$$$$$$$$                 SEARCH_NAME_2_TC       $$$$$$$$$$$$$$$$$$$$$$$$$ 
2019-04-24 11:48:01,514 INFO  [Log] **************************************************************************************** 
2019-04-24 11:48:01,514 INFO  [Log] **************************************************************************************** 
2019-04-24 11:51:23,591 INFO  [Log] **************************************************************************************** 
2019-04-24 11:51:23,591 INFO  [Log] **************************************************************************************** 
2019-04-24 11:51:23,592 INFO  [Log] $$$$$$$$$$$$$$$$$$$$$                 SEARCH_NAME_TC       $$$$$$$$$$$$$$$$$$$$$$$$$ 
2019-04-24 11:51:23,592 INFO  [Log] **************************************************************************************** 
2019-04-24 11:51:23,592 INFO  [Log] **************************************************************************************** 
2019-04-24 11:51:23,701 INFO  [Log] **************************************************************************************** 
2019-04-24 11:51:23,705 INFO  [Log] **************************************************************************************** 
2019-04-24 11:51:23,705 INFO  [Log] $$$$$$$$$$$$$$$$$$$$$                 SEARCH_NAME_2_TC       $$$$$$$$$$$$$$$$$$$$$$$$$ 
2019-04-24 11:51:23,705 INFO  [Log] **************************************************************************************** 
2019-04-24 11:51:23,705 INFO  [Log] **************************************************************************************** 
2019-04-24 12:11:07,702 INFO  [Log] **************************************************************************************** 
2019-04-24 12:11:07,703 INFO  [Log] **************************************************************************************** 
2019-04-24 12:11:07,703 INFO  [Log] $$$$$$$$$$$$$$$$$$$$$                 SEARCH_NAME_TC       $$$$$$$$$$$$$$$$$$$$$$$$$ 
2019-04-24 12:11:07,703 INFO  [Log] **************************************************************************************** 
2019-04-24 12:11:07,703 INFO  [Log] **************************************************************************************** 
2019-04-24 12:11:08,544 INFO  [Log] **************************************************************************************** 
2019-04-24 12:11:08,545 INFO  [Log] **************************************************************************************** 
2019-04-24 12:11:08,545 INFO  [Log] $$$$$$$$$$$$$$$$$$$$$                 SEARCH_NAME_2_TC       $$$$$$$$$$$$$$$$$$$$$$$$$ 
2019-04-24 12:11:08,545 INFO  [Log] **************************************************************************************** 
2019-04-24 12:11:08,545 INFO  [Log] **************************************************************************************** 
2019-04-24 12:24:47,394 INFO  [Log] **************************************************************************************** 
2019-04-24 12:24:47,394 INFO  [Log] **************************************************************************************** 
2019-04-24 12:24:47,394 INFO  [Log] $$$$$$$$$$$$$$$$$$$$$                 SEARCH_NAME_TC       $$$$$$$$$$$$$$$$$$$$$$$$$ 
2019-04-24 12:24:47,394 INFO  [Log] **************************************************************************************** 
2019-04-24 12:24:47,394 INFO  [Log] **************************************************************************************** 
2019-04-24 12:24:48,046 INFO  [Log] **************************************************************************************** 
2019-04-24 12:24:48,047 INFO  [Log] **************************************************************************************** 
2019-04-24 12:24:48,047 INFO  [Log] $$$$$$$$$$$$$$$$$$$$$                 SEARCH_NAME_TC       $$$$$$$$$$$$$$$$$$$$$$$$$ 
2019-04-24 12:24:48,047 INFO  [Log] **************************************************************************************** 
2019-04-24 12:24:48,047 INFO  [Log] **************************************************************************************** 
2019-04-24 12:24:48,539 INFO  [Log] **************************************************************************************** 
2019-04-24 12:24:48,544 INFO  [Log] **************************************************************************************** 
2019-04-24 12:24:48,544 INFO  [Log] $$$$$$$$$$$$$$$$$$$$$                 SEARCH_NAME_TC       $$$$$$$$$$$$$$$$$$$$$$$$$ 
2019-04-24 12:24:48,544 INFO  [Log] **************************************************************************************** 
2019-04-24 12:24:48,544 INFO  [Log] **************************************************************************************** 
2019-04-24 12:24:49,043 INFO  [Log] **************************************************************************************** 
2019-04-24 12:24:49,047 INFO  [Log] **************************************************************************************** 
2019-04-24 12:24:49,048 INFO  [Log] $$$$$$$$$$$$$$$$$$$$$                 SEARCH_NAME_2_TC       $$$$$$$$$$$$$$$$$$$$$$$$$ 
2019-04-24 12:24:49,048 INFO  [Log] **************************************************************************************** 
2019-04-24 12:24:49,048 INFO  [Log] **************************************************************************************** 
2019-04-24 14:11:14,986 INFO  [Log] **************************************************************************************** 
2019-04-24 14:11:14,987 INFO  [Log] **************************************************************************************** 
2019-04-24 14:11:14,987 INFO  [Log] $$$$$$$$$$$$$$$$$$$$$                 SEARCH_NAME_TC       $$$$$$$$$$$$$$$$$$$$$$$$$ 
2019-04-24 14:11:14,987 INFO  [Log] **************************************************************************************** 
2019-04-24 14:11:14,987 INFO  [Log] **************************************************************************************** 
2019-04-24 14:11:15,960 INFO  [Log] **************************************************************************************** 
2019-04-24 14:11:15,960 INFO  [Log] **************************************************************************************** 
2019-04-24 14:11:15,960 INFO  [Log] $$$$$$$$$$$$$$$$$$$$$                 SEARCH_NAME_TC       $$$$$$$$$$$$$$$$$$$$$$$$$ 
2019-04-24 14:11:15,960 INFO  [Log] **************************************************************************************** 
2019-04-24 14:11:15,960 INFO  [Log] **************************************************************************************** 
2019-04-24 14:11:16,507 INFO  [Log] **************************************************************************************** 
2019-04-24 14:11:16,510 INFO  [Log] **************************************************************************************** 
2019-04-24 14:11:16,510 INFO  [Log] $$$$$$$$$$$$$$$$$$$$$                 SEARCH_NAME_2_TC       $$$$$$$$$$$$$$$$$$$$$$$$$ 
2019-04-24 14:11:16,510 INFO  [Log] **************************************************************************************** 
2019-04-24 14:11:16,510 INFO  [Log] **************************************************************************************** 
2019-04-24 14:18:18,662 INFO  [Log] **************************************************************************************** 
2019-04-24 14:18:18,663 INFO  [Log] **************************************************************************************** 
2019-04-24 14:18:18,663 INFO  [Log] $$$$$$$$$$$$$$$$$$$$$                 SEARCH_NAME_TC       $$$$$$$$$$$$$$$$$$$$$$$$$ 
2019-04-24 14:18:18,663 INFO  [Log] **************************************************************************************** 
2019-04-24 14:18:18,663 INFO  [Log] **************************************************************************************** 
2019-04-24 14:18:19,321 INFO  [Log] **************************************************************************************** 
2019-04-24 14:18:19,325 INFO  [Log] **************************************************************************************** 
2019-04-24 14:18:19,325 INFO  [Log] $$$$$$$$$$$$$$$$$$$$$                 SEARCH_NAME_TC       $$$$$$$$$$$$$$$$$$$$$$$$$ 
2019-04-24 14:18:19,325 INFO  [Log] **************************************************************************************** 
2019-04-24 14:18:19,325 INFO  [Log] **************************************************************************************** 
2019-04-24 14:18:19,846 INFO  [Log] **************************************************************************************** 
2019-04-24 14:18:19,850 INFO  [Log] **************************************************************************************** 
2019-04-24 14:18:19,850 INFO  [Log] $$$$$$$$$$$$$$$$$$$$$                 SEARCH_NAME_2_TC       $$$$$$$$$$$$$$$$$$$$$$$$$ 
2019-04-24 14:18:19,851 INFO  [Log] **************************************************************************************** 
2019-04-24 14:18:19,851 INFO  [Log] **************************************************************************************** 
2019-04-24 16:28:20,435 INFO  [Log] **************************************************************************************** 
2019-04-24 16:28:20,436 INFO  [Log] **************************************************************************************** 
2019-04-24 16:28:20,436 INFO  [Log] $$$$$$$$$$$$$$$$$$$$$                 SEARCH_NAME_TC       $$$$$$$$$$$$$$$$$$$$$$$$$ 
2019-04-24 16:28:20,436 INFO  [Log] **************************************************************************************** 
2019-04-24 16:28:20,436 INFO  [Log] **************************************************************************************** 
2019-04-24 16:28:21,120 INFO  [Log] **************************************************************************************** 
2019-04-24 16:28:21,120 INFO  [Log] **************************************************************************************** 
2019-04-24 16:28:21,121 INFO  [Log] $$$$$$$$$$$$$$$$$$$$$                 SEARCH_NAME_TC       $$$$$$$$$$$$$$$$$$$$$$$$$ 
2019-04-24 16:28:21,121 INFO  [Log] **************************************************************************************** 
2019-04-24 16:28:21,121 INFO  [Log] **************************************************************************************** 
2019-04-24 16:28:21,626 INFO  [Log] **************************************************************************************** 
2019-04-24 16:28:21,631 INFO  [Log] **************************************************************************************** 
2019-04-24 16:28:21,631 INFO  [Log] $$$$$$$$$$$$$$$$$$$$$                 SEARCH_NAME_2_TC       $$$$$$$$$$$$$$$$$$$$$$$$$ 
2019-04-24 16:28:21,631 INFO  [Log] **************************************************************************************** 
2019-04-24 16:28:21,631 INFO  [Log] **************************************************************************************** 
2019-04-24 16:36:45,523 INFO  [Log] **************************************************************************************** 
2019-04-24 16:36:45,524 INFO  [Log] **************************************************************************************** 
2019-04-24 16:36:45,524 INFO  [Log] $$$$$$$$$$$$$$$$$$$$$                 SEARCH_NAME_TC       $$$$$$$$$$$$$$$$$$$$$$$$$ 
2019-04-24 16:36:45,524 INFO  [Log] **************************************************************************************** 
2019-04-24 16:36:45,524 INFO  [Log] **************************************************************************************** 
2019-04-24 16:36:46,203 INFO  [Log] **************************************************************************************** 
2019-04-24 16:36:46,203 INFO  [Log] **************************************************************************************** 
2019-04-24 16:36:46,203 INFO  [Log] $$$$$$$$$$$$$$$$$$$$$                 SEARCH_NAME_TC       $$$$$$$$$$$$$$$$$$$$$$$$$ 
2019-04-24 16:36:46,203 INFO  [Log] **************************************************************************************** 
2019-04-24 16:36:46,203 INFO  [Log] **************************************************************************************** 
2019-04-24 16:36:46,705 INFO  [Log] **************************************************************************************** 
2019-04-24 16:36:46,705 INFO  [Log] **************************************************************************************** 
2019-04-24 16:36:46,705 INFO  [Log] $$$$$$$$$$$$$$$$$$$$$                 SEARCH_NAME_2_TC       $$$$$$$$$$$$$$$$$$$$$$$$$ 
2019-04-24 16:36:46,705 INFO  [Log] **************************************************************************************** 
2019-04-24 16:36:46,705 INFO  [Log] **************************************************************************************** 
2019-04-25 14:35:16,838 INFO  [Log] **************************************************************************************** 
2019-04-25 14:35:16,839 INFO  [Log] **************************************************************************************** 
2019-04-25 14:35:16,839 INFO  [Log] $$$$$$$$$$$$$$$$$$$$$                 SEARCH_NAME_TC       $$$$$$$$$$$$$$$$$$$$$$$$$ 
2019-04-25 14:35:16,839 INFO  [Log] **************************************************************************************** 
2019-04-25 14:35:16,839 INFO  [Log] **************************************************************************************** 
2019-04-25 14:35:17,559 INFO  [Log] **************************************************************************************** 
2019-04-25 14:35:17,559 INFO  [Log] **************************************************************************************** 
2019-04-25 14:35:17,559 INFO  [Log] $$$$$$$$$$$$$$$$$$$$$                 SEARCH_NAME_TC       $$$$$$$$$$$$$$$$$$$$$$$$$ 
2019-04-25 14:35:17,559 INFO  [Log] **************************************************************************************** 
2019-04-25 14:35:17,559 INFO  [Log] **************************************************************************************** 
2019-04-25 14:35:18,085 INFO  [Log] **************************************************************************************** 
2019-04-25 14:35:18,085 INFO  [Log] **************************************************************************************** 
2019-04-25 14:35:18,085 INFO  [Log] $$$$$$$$$$$$$$$$$$$$$                 SEARCH_NAME_2_TC       $$$$$$$$$$$$$$$$$$$$$$$$$ 
2019-04-25 14:35:18,085 INFO  [Log] **************************************************************************************** 
2019-04-25 14:35:18,085 INFO  [Log] **************************************************************************************** 
2019-04-25 14:45:57,287 INFO  [Log] **************************************************************************************** 
2019-04-25 14:45:57,288 INFO  [Log] **************************************************************************************** 
2019-04-25 14:45:57,288 INFO  [Log] $$$$$$$$$$$$$$$$$$$$$                 SEARCH_NAME_TC       $$$$$$$$$$$$$$$$$$$$$$$$$ 
2019-04-25 14:45:57,288 INFO  [Log] **************************************************************************************** 
2019-04-25 14:45:57,288 INFO  [Log] **************************************************************************************** 
2019-04-25 14:45:58,011 INFO  [Log] **************************************************************************************** 
2019-04-25 14:45:58,011 INFO  [Log] **************************************************************************************** 
2019-04-25 14:45:58,011 INFO  [Log] $$$$$$$$$$$$$$$$$$$$$                 SEARCH_NAME_TC       $$$$$$$$$$$$$$$$$$$$$$$$$ 
2019-04-25 14:45:58,011 INFO  [Log] **************************************************************************************** 
2019-04-25 14:45:58,011 INFO  [Log] **************************************************************************************** 
2019-04-25 14:45:58,541 INFO  [Log] **************************************************************************************** 
2019-04-25 14:45:58,541 INFO  [Log] **************************************************************************************** 
2019-04-25 14:45:58,542 INFO  [Log] $$$$$$$$$$$$$$$$$$$$$                 SEARCH_NAME_2_TC       $$$$$$$$$$$$$$$$$$$$$$$$$ 
2019-04-25 14:45:58,542 INFO  [Log] **************************************************************************************** 
2019-04-25 14:45:58,542 INFO  [Log] **************************************************************************************** 
2019-04-25 14:59:15,299 INFO  [Log] **************************************************************************************** 
2019-04-25 14:59:15,300 INFO  [Log] **************************************************************************************** 
2019-04-25 14:59:15,300 INFO  [Log] $$$$$$$$$$$$$$$$$$$$$                 SEARCH_NAME_TC       $$$$$$$$$$$$$$$$$$$$$$$$$ 
2019-04-25 14:59:15,300 INFO  [Log] **************************************************************************************** 
2019-04-25 14:59:15,300 INFO  [Log] **************************************************************************************** 
2019-04-25 14:59:16,020 INFO  [Log] **************************************************************************************** 
2019-04-25 14:59:16,020 INFO  [Log] **************************************************************************************** 
2019-04-25 14:59:16,020 INFO  [Log] $$$$$$$$$$$$$$$$$$$$$                 SEARCH_NAME_TC       $$$$$$$$$$$$$$$$$$$$$$$$$ 
2019-04-25 14:59:16,020 INFO  [Log] **************************************************************************************** 
2019-04-25 14:59:16,020 INFO  [Log] **************************************************************************************** 
2019-04-25 14:59:16,554 INFO  [Log] **************************************************************************************** 
2019-04-25 14:59:16,554 INFO  [Log] **************************************************************************************** 
2019-04-25 14:59:16,554 INFO  [Log] $$$$$$$$$$$$$$$$$$$$$                 SEARCH_NAME_2_TC       $$$$$$$$$$$$$$$$$$$$$$$$$ 
2019-04-25 14:59:16,554 INFO  [Log] **************************************************************************************** 
2019-04-25 14:59:16,554 INFO  [Log] **************************************************************************************** 
2019-04-25 15:07:40,528 INFO  [Log] **************************************************************************************** 
2019-04-25 15:07:40,528 INFO  [Log] **************************************************************************************** 
2019-04-25 15:07:40,528 INFO  [Log] $$$$$$$$$$$$$$$$$$$$$                 SEARCH_NAME_TC       $$$$$$$$$$$$$$$$$$$$$$$$$ 
2019-04-25 15:07:40,528 INFO  [Log] **************************************************************************************** 
2019-04-25 15:07:40,528 INFO  [Log] **************************************************************************************** 
2019-04-25 15:07:40,647 INFO  [Log] **************************************************************************************** 
2019-04-25 15:07:40,652 INFO  [Log] **************************************************************************************** 
2019-04-25 15:07:40,652 INFO  [Log] $$$$$$$$$$$$$$$$$$$$$                 SEARCH_NAME_TC       $$$$$$$$$$$$$$$$$$$$$$$$$ 
2019-04-25 15:07:40,652 INFO  [Log] **************************************************************************************** 
2019-04-25 15:07:40,652 INFO  [Log] **************************************************************************************** 
2019-04-25 15:07:45,561 INFO  [Log] **************************************************************************************** 
2019-04-25 15:07:45,561 INFO  [Log] **************************************************************************************** 
2019-04-25 15:07:45,561 INFO  [Log] $$$$$$$$$$$$$$$$$$$$$                 SEARCH_NAME_2_TC       $$$$$$$$$$$$$$$$$$$$$$$$$ 
2019-04-25 15:07:45,561 INFO  [Log] **************************************************************************************** 
2019-04-25 15:07:45,561 INFO  [Log] **************************************************************************************** 
2019-04-25 16:39:58,132 INFO  [Log] **************************************************************************************** 
2019-04-25 16:39:58,132 INFO  [Log] **************************************************************************************** 
2019-04-25 16:39:58,132 INFO  [Log] $$$$$$$$$$$$$$$$$$$$$                 SEARCH_NAME_TC       $$$$$$$$$$$$$$$$$$$$$$$$$ 
2019-04-25 16:39:58,132 INFO  [Log] **************************************************************************************** 
2019-04-25 16:39:58,132 INFO  [Log] **************************************************************************************** 
2019-04-25 16:39:58,239 INFO  [Log] **************************************************************************************** 
2019-04-25 16:39:58,239 INFO  [Log] **************************************************************************************** 
2019-04-25 16:39:58,239 INFO  [Log] $$$$$$$$$$$$$$$$$$$$$                 SEARCH_NAME_TC       $$$$$$$$$$$$$$$$$$$$$$$$$ 
2019-04-25 16:39:58,239 INFO  [Log] **************************************************************************************** 
2019-04-25 16:39:58,239 INFO  [Log] **************************************************************************************** 
2019-04-25 16:39:58,866 INFO  [Log] **************************************************************************************** 
2019-04-25 16:39:58,866 INFO  [Log] **************************************************************************************** 
2019-04-25 16:39:58,866 INFO  [Log] $$$$$$$$$$$$$$$$$$$$$                 SEARCH_NAME_2_TC       $$$$$$$$$$$$$$$$$$$$$$$$$ 
2019-04-25 16:39:58,866 INFO  [Log] **************************************************************************************** 
2019-04-25 16:39:58,866 INFO  [Log] **************************************************************************************** 
2019-04-25 16:47:08,565 INFO  [Log] **************************************************************************************** 
2019-04-25 16:47:08,566 INFO  [Log] **************************************************************************************** 
2019-04-25 16:47:08,566 INFO  [Log] $$$$$$$$$$$$$$$$$$$$$                 SEARCH_NAME_TC       $$$$$$$$$$$$$$$$$$$$$$$$$ 
2019-04-25 16:47:08,566 INFO  [Log] **************************************************************************************** 
2019-04-25 16:47:08,566 INFO  [Log] **************************************************************************************** 
2019-04-25 16:47:09,238 INFO  [Log] **************************************************************************************** 
2019-04-25 16:47:09,238 INFO  [Log] **************************************************************************************** 
2019-04-25 16:47:09,238 INFO  [Log] $$$$$$$$$$$$$$$$$$$$$                 SEARCH_NAME_TC       $$$$$$$$$$$$$$$$$$$$$$$$$ 
2019-04-25 16:47:09,238 INFO  [Log] **************************************************************************************** 
2019-04-25 16:47:09,238 INFO  [Log] **************************************************************************************** 
2019-04-25 16:47:09,753 INFO  [Log] **************************************************************************************** 
2019-04-25 16:47:09,753 INFO  [Log] **************************************************************************************** 
2019-04-25 16:47:09,753 INFO  [Log] $$$$$$$$$$$$$$$$$$$$$                 SEARCH_NAME_2_TC       $$$$$$$$$$$$$$$$$$$$$$$$$ 
2019-04-25 16:47:09,753 INFO  [Log] **************************************************************************************** 
2019-04-25 16:47:09,753 INFO  [Log] **************************************************************************************** 
2019-04-25 16:48:02,054 INFO  [Log] **************************************************************************************** 
2019-04-25 16:48:02,054 INFO  [Log] **************************************************************************************** 
2019-04-25 16:48:02,054 INFO  [Log] $$$$$$$$$$$$$$$$$$$$$                 SEARCH_NAME_TC       $$$$$$$$$$$$$$$$$$$$$$$$$ 
2019-04-25 16:48:02,054 INFO  [Log] **************************************************************************************** 
2019-04-25 16:48:02,054 INFO  [Log] **************************************************************************************** 
2019-04-25 16:48:02,746 INFO  [Log] **************************************************************************************** 
2019-04-25 16:48:02,746 INFO  [Log] **************************************************************************************** 
2019-04-25 16:48:02,746 INFO  [Log] $$$$$$$$$$$$$$$$$$$$$                 SEARCH_NAME_TC       $$$$$$$$$$$$$$$$$$$$$$$$$ 
2019-04-25 16:48:02,746 INFO  [Log] **************************************************************************************** 
2019-04-25 16:48:02,746 INFO  [Log] **************************************************************************************** 
2019-04-25 16:48:03,274 INFO  [Log] **************************************************************************************** 
2019-04-25 16:48:03,275 INFO  [Log] **************************************************************************************** 
2019-04-25 16:48:03,275 INFO  [Log] $$$$$$$$$$$$$$$$$$$$$                 SEARCH_NAME_2_TC       $$$$$$$$$$$$$$$$$$$$$$$$$ 
2019-04-25 16:48:03,275 INFO  [Log] **************************************************************************************** 
2019-04-25 16:48:03,275 INFO  [Log] **************************************************************************************** 
2019-04-25 16:48:49,146 INFO  [Log] **************************************************************************************** 
2019-04-25 16:48:49,146 INFO  [Log] **************************************************************************************** 
2019-04-25 16:48:49,146 INFO  [Log] $$$$$$$$$$$$$$$$$$$$$                 SEARCH_NAME_TC       $$$$$$$$$$$$$$$$$$$$$$$$$ 
2019-04-25 16:48:49,146 INFO  [Log] **************************************************************************************** 
2019-04-25 16:48:49,146 INFO  [Log] **************************************************************************************** 
2019-04-25 16:48:49,893 INFO  [Log] **************************************************************************************** 
2019-04-25 16:48:49,894 INFO  [Log] **************************************************************************************** 
2019-04-25 16:48:49,894 INFO  [Log] $$$$$$$$$$$$$$$$$$$$$                 SEARCH_NAME_TC       $$$$$$$$$$$$$$$$$$$$$$$$$ 
2019-04-25 16:48:49,894 INFO  [Log] **************************************************************************************** 
2019-04-25 16:48:49,894 INFO  [Log] **************************************************************************************** 
2019-04-25 16:48:50,473 INFO  [Log] **************************************************************************************** 
2019-04-25 16:48:50,473 INFO  [Log] **************************************************************************************** 
2019-04-25 16:48:50,473 INFO  [Log] $$$$$$$$$$$$$$$$$$$$$                 SEARCH_NAME_2_TC       $$$$$$$$$$$$$$$$$$$$$$$$$ 
2019-04-25 16:48:50,473 INFO  [Log] **************************************************************************************** 
2019-04-25 16:48:50,473 INFO  [Log] **************************************************************************************** 
2019-04-26 12:22:17,211 INFO  [Log] **************************************************************************************** 
2019-04-26 12:22:17,214 INFO  [Log] **************************************************************************************** 
2019-04-26 12:22:17,214 INFO  [Log] $$$$$$$$$$$$$$$$$$$$$                 SEARCH_NAME_TC       $$$$$$$$$$$$$$$$$$$$$$$$$ 
2019-04-26 12:22:17,214 INFO  [Log] **************************************************************************************** 
2019-04-26 12:22:17,214 INFO  [Log] **************************************************************************************** 
2019-04-26 12:22:18,255 INFO  [Log] **************************************************************************************** 
2019-04-26 12:22:18,255 INFO  [Log] **************************************************************************************** 
2019-04-26 12:22:18,255 INFO  [Log] $$$$$$$$$$$$$$$$$$$$$                 SEARCH_NAME_TC       $$$$$$$$$$$$$$$$$$$$$$$$$ 
2019-04-26 12:22:18,255 INFO  [Log] **************************************************************************************** 
2019-04-26 12:22:18,255 INFO  [Log] **************************************************************************************** 
2019-04-26 12:22:18,751 INFO  [Log] **************************************************************************************** 
2019-04-26 12:22:18,751 INFO  [Log] **************************************************************************************** 
2019-04-26 12:22:18,751 INFO  [Log] $$$$$$$$$$$$$$$$$$$$$                 SEARCH_NAME_2_TC       $$$$$$$$$$$$$$$$$$$$$$$$$ 
2019-04-26 12:22:18,751 INFO  [Log] **************************************************************************************** 
2019-04-26 12:22:18,751 INFO  [Log] **************************************************************************************** 
